<?xml version="1.0" encoding="UTF-8"?>
<testng-results ignored="0" total="1" passed="1" failed="0" skipped="0">
  <reporter-output>
  </reporter-output>
  <suite started-at="2026-03-04T13:47:39 IST" name="Default suite" finished-at="2026-03-04T13:47:43 IST" duration-ms="4620">
    <groups>
    </groups>
    <test started-at="2026-03-04T13:47:39 IST" name="Default test" finished-at="2026-03-04T13:47:43 IST" duration-ms="4620">
      <class name="org.eva.vtiger.testscripts.HTTPRequest">
        <test-method signature="getAlluser()[pri:0, instance:org.eva.vtiger.testscripts.HTTPRequest@7c7a06ec]" started-at="2026-03-04T13:47:39 IST" name="getAlluser" finished-at="2026-03-04T13:47:43 IST" duration-ms="4549" status="PASS">
          <reporter-output>
          </reporter-output>
        </test-method> <!-- getAlluser -->
      </class> <!-- org.eva.vtiger.testscripts.HTTPRequest -->
    </test> <!-- Default test -->
  </suite> <!-- Default suite -->
</testng-results>
