<?xml version="1.0" encoding="UTF-8"?>
<testng-results ignored="0" total="1" passed="1" failed="0" skipped="0">
  <reporter-output>
  </reporter-output>
  <suite started-at="2026-04-06T10:21:47 IST" name="Default suite" finished-at="2026-04-06T10:22:14 IST" duration-ms="26323">
    <groups>
    </groups>
    <test started-at="2026-04-06T10:21:47 IST" name="Default test" finished-at="2026-04-06T10:22:14 IST" duration-ms="26323">
      <class name="practice.Scenario">
        <test-method is-config="true" signature="launchingBrowser()[pri:0, instance:practice.Scenario@65e98b1c]" started-at="2026-04-06T10:21:47 IST" name="launchingBrowser" finished-at="2026-04-06T10:21:50 IST" duration-ms="2316" status="PASS">
          <reporter-output>
          </reporter-output>
        </test-method> <!-- launchingBrowser -->
        <test-method is-config="true" signature="login()[pri:0, instance:practice.Scenario@65e98b1c]" started-at="2026-04-06T10:21:50 IST" name="login" finished-at="2026-04-06T10:21:55 IST" duration-ms="5327" status="PASS">
          <reporter-output>
          </reporter-output>
        </test-method> <!-- login -->
        <test-method signature="Tc_REG_03_Verfy_Edit_Existing_Lead_Details()[pri:0, instance:practice.Scenario@65e98b1c]" started-at="2026-04-06T10:21:55 IST" name="Tc_REG_03_Verfy_Edit_Existing_Lead_Details" finished-at="2026-04-06T10:22:12 IST" duration-ms="16433" status="PASS">
          <reporter-output>
          </reporter-output>
        </test-method> <!-- Tc_REG_03_Verfy_Edit_Existing_Lead_Details -->
        <test-method is-config="true" signature="singOut()[pri:0, instance:practice.Scenario@65e98b1c]" started-at="2026-04-06T10:22:12 IST" name="singOut" finished-at="2026-04-06T10:22:14 IST" duration-ms="2150" status="PASS">
          <reporter-output>
          </reporter-output>
        </test-method> <!-- singOut -->
      </class> <!-- practice.Scenario -->
    </test> <!-- Default test -->
  </suite> <!-- Default suite -->
</testng-results>
