<?xml version="1.0" encoding="UTF-8"?>
<!-- Generated by org.testng.reporters.JUnitReportReporter -->
<testsuite hostname="DESKTOP-QKR6357" failures="0" tests="2" name="org.ash.amazon.testcases.TestCases" time="0.041" errors="0" timestamp="2026-03-30T15:45:58 IST" skipped="0">
  <testcase classname="org.ash.amazon.testcases.TestCases" name="japantc2" time="0.005"/>
  <testcase classname="org.ash.amazon.testcases.TestCases" name="Americatc1" time="0.036"/>
</testsuite> <!-- org.ash.amazon.testcases.TestCases -->
