<?xml version="1.0" encoding="UTF-8"?>
<!-- Generated by org.testng.reporters.JUnitXMLReporter -->
<testsuite ignored="0" hostname="DESKTOP-QKR6357" failures="1" tests="3" name="myTest" time="81.989" errors="0" timestamp="2026-04-03T06:00:28 IST">
  <testcase classname="org.eva.vtiger.tesTcases.ContactTestCases" name="Delete_Contact08" time="12.382">
    <failure type="java.lang.AssertionError" message="expected [18] but found [19]">
      <![CDATA[java.lang.AssertionError: expected [18] but found [19]
at org.eva.vtiger.tesTcases.ContactTestCases.Delete_Contact08(ContactTestCases.java:120)
at java.base/java.util.ArrayList.forEach(ArrayList.java:1596)
... Removed 32 stack frames]]>
    </failure>
  </testcase> <!-- Delete_Contact08 -->
  <testcase classname="org.eva.vtiger.tesTcases.ContactTestCases" name="Edit_Contact07" time="29.403"/>
  <testcase classname="org.eva.vtiger.tesTcases.ContactTestCases" name="create_Contact" time="16.498"/>
</testsuite> <!-- myTest -->
