<?xml version="1.0" encoding="UTF-8"?>
<!-- Generated by org.testng.reporters.JUnitReportReporter -->
<testsuite hostname="DESKTOP-QKR6357" failures="0" tests="2" name="org.eva.vtiger.tesTcases.PracticeAnnotations" time="0.027" errors="0" timestamp="2026-04-01T16:15:07 IST" skipped="0">
  <testcase classname="org.eva.vtiger.tesTcases.PracticeAnnotations" name="India" time="0.025"/>
  <testcase classname="org.eva.vtiger.tesTcases.PracticeAnnotations" name="Americatc1" time="0.002"/>
</testsuite> <!-- org.eva.vtiger.tesTcases.PracticeAnnotations -->
