<?xml version="1.0" encoding="UTF-8"?>
<testng-results ignored="0" total="2" passed="2" failed="0" skipped="0">
  <reporter-output>
  </reporter-output>
  <suite started-at="2026-03-30T15:45:58 IST" name="Default suite" finished-at="2026-03-30T15:45:58 IST" duration-ms="130">
    <groups>
    </groups>
    <test started-at="2026-03-30T15:45:58 IST" name="Default test" finished-at="2026-03-30T15:45:58 IST" duration-ms="130">
      <class name="org.ash.amazon.testcases.TestCases">
        <test-method is-config="true" signature="UP()[pri:0, instance:org.ash.amazon.testcases.TestCases@443118b0]" started-at="2026-03-30T15:45:58 IST" name="UP" finished-at="2026-03-30T15:45:58 IST" duration-ms="14" status="PASS">
          <reporter-output>
          </reporter-output>
        </test-method> <!-- UP -->
        <test-method signature="Americatc1()[pri:0, instance:org.ash.amazon.testcases.TestCases@443118b0]" started-at="2026-03-30T15:45:58 IST" name="Americatc1" finished-at="2026-03-30T15:45:58 IST" duration-ms="20" status="PASS">
          <reporter-output>
          </reporter-output>
        </test-method> <!-- Americatc1 -->
        <test-method is-config="true" signature="close()[pri:0, instance:org.ash.amazon.testcases.TestCases@443118b0]" started-at="2026-03-30T15:45:58 IST" name="close" finished-at="2026-03-30T15:45:58 IST" duration-ms="2" status="PASS">
          <reporter-output>
          </reporter-output>
        </test-method> <!-- close -->
        <test-method is-config="true" signature="UP()[pri:0, instance:org.ash.amazon.testcases.TestCases@443118b0]" started-at="2026-03-30T15:45:58 IST" name="UP" finished-at="2026-03-30T15:45:58 IST" duration-ms="1" status="PASS">
          <reporter-output>
          </reporter-output>
        </test-method> <!-- UP -->
        <test-method signature="japantc2()[pri:0, instance:org.ash.amazon.testcases.TestCases@443118b0]" started-at="2026-03-30T15:45:58 IST" name="japantc2" finished-at="2026-03-30T15:45:58 IST" duration-ms="3" status="PASS">
          <reporter-output>
          </reporter-output>
        </test-method> <!-- japantc2 -->
        <test-method is-config="true" signature="close()[pri:0, instance:org.ash.amazon.testcases.TestCases@443118b0]" started-at="2026-03-30T15:45:58 IST" name="close" finished-at="2026-03-30T15:45:58 IST" duration-ms="1" status="PASS">
          <reporter-output>
          </reporter-output>
        </test-method> <!-- close -->
      </class> <!-- org.ash.amazon.testcases.TestCases -->
    </test> <!-- Default test -->
  </suite> <!-- Default suite -->
</testng-results>
